0 info it worked if it ends with ok
1 verbose cli [ 'C:\\Program Files\\nodejs\\node.exe',
1 verbose cli   'C:\\Program Files\\nodejs\\node_modules\\npm\\bin\\npm-cli.js',
1 verbose cli   'instal',
1 verbose cli   '--save',
1 verbose cli   'jqPlot' ]
2 info using npm@2.14.20
3 info using node@v4.4.0
4 verbose install initial load of C:\Users\MuhammadR\mqttClientApp\package.json
5 warn package.json mqttclientapp@1.0.0 No description
6 warn package.json mqttclientapp@1.0.0 No repository field.
7 warn package.json mqttclientapp@1.0.0 No README data
8 verbose installManyTop reading scoped package data from C:\Users\MuhammadR\mqttClientApp\node_modules\encoding\package.json
9 verbose installManyTop reading scoped package data from C:\Users\MuhammadR\mqttClientApp\node_modules\express\package.json
10 verbose installManyTop reading scoped package data from C:\Users\MuhammadR\mqttClientApp\node_modules\iconv-lite\package.json
11 verbose installManyTop reading scoped package data from C:\Users\MuhammadR\mqttClientApp\node_modules\jquery\package.json
12 verbose installManyTop reading scoped package data from C:\Users\MuhammadR\mqttClientApp\node_modules\mqtt\package.json
13 verbose installManyTop reading scoped package data from C:\Users\MuhammadR\mqttClientApp\node_modules\socket.io\package.json
14 verbose installManyTop reading scoped package data from C:\Users\MuhammadR\mqttClientApp\node_modules\utf8\package.json
15 verbose readDependencies loading dependencies from C:\Users\MuhammadR\mqttClientApp\package.json
16 silly cache add args [ 'jqPlot', null ]
17 verbose cache add spec jqPlot
18 silly cache add parsed spec Result {
18 silly cache add   raw: 'jqPlot',
18 silly cache add   scope: null,
18 silly cache add   name: 'jqPlot',
18 silly cache add   rawSpec: '',
18 silly cache add   spec: 'latest',
18 silly cache add   type: 'tag' }
19 silly addNamed jqPlot@latest
20 verbose addNamed "latest" is being treated as a dist-tag for jqPlot
21 info addNameTag [ 'jqPlot', 'latest' ]
22 silly mapToRegistry name jqPlot
23 silly mapToRegistry using default registry
24 silly mapToRegistry registry https://registry.npmjs.org/
25 silly mapToRegistry uri https://registry.npmjs.org/jqPlot
26 verbose addNameTag registry:https://registry.npmjs.org/jqPlot not in flight; fetching
27 verbose request uri https://registry.npmjs.org/jqPlot
28 verbose request no auth needed
29 info attempt registry request try #1 at 1:08:48 PM
30 verbose request id 0a72de3cd42373a5
31 http request GET https://registry.npmjs.org/jqPlot
32 http 404 https://registry.npmjs.org/jqPlot
33 verbose headers { 'content-type': 'application/json',
33 verbose headers   'cache-control': 'max-age=0',
33 verbose headers   'content-length': '2',
33 verbose headers   'accept-ranges': 'bytes',
33 verbose headers   date: 'Mon, 21 Mar 2016 05:08:43 GMT',
33 verbose headers   via: '1.1 varnish',
33 verbose headers   age: '0',
33 verbose headers   connection: 'keep-alive',
33 verbose headers   'x-served-by': 'cache-sin6922-SIN',
33 verbose headers   'x-cache': 'MISS',
33 verbose headers   'x-cache-hits': '0',
33 verbose headers   'x-timer': 'S1458536923.409416,VS0,VE248' }
34 silly get cb [ 404,
34 silly get   { 'content-type': 'application/json',
34 silly get     'cache-control': 'max-age=0',
34 silly get     'content-length': '2',
34 silly get     'accept-ranges': 'bytes',
34 silly get     date: 'Mon, 21 Mar 2016 05:08:43 GMT',
34 silly get     via: '1.1 varnish',
34 silly get     age: '0',
34 silly get     connection: 'keep-alive',
34 silly get     'x-served-by': 'cache-sin6922-SIN',
34 silly get     'x-cache': 'MISS',
34 silly get     'x-cache-hits': '0',
34 silly get     'x-timer': 'S1458536923.409416,VS0,VE248' } ]
35 verbose stack Error: Registry returned 404 for GET on https://registry.npmjs.org/jqPlot
35 verbose stack     at makeError (C:\Program Files\nodejs\node_modules\npm\node_modules\npm-registry-client\lib\request.js:264:12)
35 verbose stack     at CachingRegistryClient.<anonymous> (C:\Program Files\nodejs\node_modules\npm\node_modules\npm-registry-client\lib\request.js:242:14)
35 verbose stack     at Request._callback (C:\Program Files\nodejs\node_modules\npm\node_modules\npm-registry-client\lib\request.js:172:14)
35 verbose stack     at Request.self.callback (C:\Program Files\nodejs\node_modules\npm\node_modules\request\request.js:199:22)
35 verbose stack     at emitTwo (events.js:87:13)
35 verbose stack     at Request.emit (events.js:172:7)
35 verbose stack     at Request.<anonymous> (C:\Program Files\nodejs\node_modules\npm\node_modules\request\request.js:1036:10)
35 verbose stack     at emitOne (events.js:82:20)
35 verbose stack     at Request.emit (events.js:169:7)
35 verbose stack     at IncomingMessage.<anonymous> (C:\Program Files\nodejs\node_modules\npm\node_modules\request\request.js:963:12)
36 verbose statusCode 404
37 verbose pkgid jqPlot
38 verbose cwd C:\Users\MuhammadR\mqttClientApp
39 error Windows_NT 6.1.7601
40 error argv "C:\\Program Files\\nodejs\\node.exe" "C:\\Program Files\\nodejs\\node_modules\\npm\\bin\\npm-cli.js" "instal" "--save" "jqPlot"
41 error node v4.4.0
42 error npm  v2.14.20
43 error code E404
44 error 404 Registry returned 404 for GET on https://registry.npmjs.org/jqPlot
44 error 404
44 error 404 'jqPlot' is not in the npm registry.
44 error 404 Your package name is not valid, because
44 error 404
44 error 404  1. name can no longer contain capital letters
44 error 404 It was specified as a dependency of 'mqttclientapp'
44 error 404
44 error 404 Note that you can also install from a
44 error 404 tarball, folder, http url, or git url.
45 verbose exit [ 1, true ]
